PyTorch Version: 1.7.0
CUDA device available: True
Using CUDA device: cuda:0
Random Seed: 1
Output Path: ./results/effb2-01
Script: train.py
Epoch: 001/100 | Batch 0000/0234 | Cost: 33.6700
Epoch: 001/100 | Batch 0050/0234 | Cost: 31.7221
Epoch: 001/100 | Batch 0100/0234 | Cost: 30.8927
Epoch: 001/100 | Batch 0150/0234 | Cost: 29.1546
Epoch: 001/100 | Batch 0200/0234 | Cost: 28.2676
MAE/RMSE: | Current Valid: 16.00/18.54 Ep. 0 | Best Valid : 16.00/18.54 Ep. 0
Time elapsed: 1.83 min
Epoch: 002/100 | Batch 0000/0234 | Cost: 29.3813
Epoch: 002/100 | Batch 0050/0234 | Cost: 27.7082
Epoch: 002/100 | Batch 0100/0234 | Cost: 28.0979
Epoch: 002/100 | Batch 0150/0234 | Cost: 27.8958
Epoch: 002/100 | Batch 0200/0234 | Cost: 27.1071
MAE/RMSE: | Current Valid: 14.01/16.46 Ep. 1 | Best Valid : 14.01/16.46 Ep. 1
Time elapsed: 3.66 min
Epoch: 003/100 | Batch 0000/0234 | Cost: 26.2152
Epoch: 003/100 | Batch 0050/0234 | Cost: 26.0921
Epoch: 003/100 | Batch 0100/0234 | Cost: 26.4728
Epoch: 003/100 | Batch 0150/0234 | Cost: 27.0196
Epoch: 003/100 | Batch 0200/0234 | Cost: 24.8179
MAE/RMSE: | Current Valid: 12.00/14.52 Ep. 2 | Best Valid : 12.00/14.52 Ep. 2
Time elapsed: 5.48 min
Epoch: 004/100 | Batch 0000/0234 | Cost: 24.5556
Epoch: 004/100 | Batch 0050/0234 | Cost: 25.7268
Epoch: 004/100 | Batch 0100/0234 | Cost: 25.2821
Epoch: 004/100 | Batch 0150/0234 | Cost: 24.6683
Epoch: 004/100 | Batch 0200/0234 | Cost: 23.5524
MAE/RMSE: | Current Valid: 11.42/13.97 Ep. 3 | Best Valid : 11.42/13.97 Ep. 3
Time elapsed: 7.33 min
Epoch: 005/100 | Batch 0000/0234 | Cost: 23.3826
Epoch: 005/100 | Batch 0050/0234 | Cost: 23.3660
Epoch: 005/100 | Batch 0100/0234 | Cost: 22.6821
Epoch: 005/100 | Batch 0150/0234 | Cost: 23.6450
Epoch: 005/100 | Batch 0200/0234 | Cost: 21.4869
MAE/RMSE: | Current Valid: 11.85/14.38 Ep. 4 | Best Valid : 11.42/13.97 Ep. 3
Time elapsed: 9.22 min
Epoch: 006/100 | Batch 0000/0234 | Cost: 22.1730
Epoch: 006/100 | Batch 0050/0234 | Cost: 21.3875
Epoch: 006/100 | Batch 0100/0234 | Cost: 22.1179
Epoch: 006/100 | Batch 0150/0234 | Cost: 21.3118
Epoch: 006/100 | Batch 0200/0234 | Cost: 21.8212
MAE/RMSE: | Current Valid: 10.07/12.59 Ep. 5 | Best Valid : 10.07/12.59 Ep. 5
Time elapsed: 11.17 min
Epoch: 007/100 | Batch 0000/0234 | Cost: 21.5556
Epoch: 007/100 | Batch 0050/0234 | Cost: 21.1683
Epoch: 007/100 | Batch 0100/0234 | Cost: 20.7005
Epoch: 007/100 | Batch 0150/0234 | Cost: 20.2006
Epoch: 007/100 | Batch 0200/0234 | Cost: 20.1752
MAE/RMSE: | Current Valid: 9.70/12.17 Ep. 6 | Best Valid : 9.70/12.17 Ep. 6
Time elapsed: 13.14 min
Epoch: 008/100 | Batch 0000/0234 | Cost: 19.7128
Epoch: 008/100 | Batch 0050/0234 | Cost: 19.9248
Epoch: 008/100 | Batch 0100/0234 | Cost: 19.8602
Epoch: 008/100 | Batch 0150/0234 | Cost: 18.8877
Epoch: 008/100 | Batch 0200/0234 | Cost: 19.9096
MAE/RMSE: | Current Valid: 9.34/11.78 Ep. 7 | Best Valid : 9.34/11.78 Ep. 7
Time elapsed: 15.08 min
Epoch: 009/100 | Batch 0000/0234 | Cost: 18.7156
Epoch: 009/100 | Batch 0050/0234 | Cost: 19.1790
Epoch: 009/100 | Batch 0100/0234 | Cost: 19.2106
Epoch: 009/100 | Batch 0150/0234 | Cost: 18.7810
Epoch: 009/100 | Batch 0200/0234 | Cost: 18.4822
MAE/RMSE: | Current Valid: 9.18/11.60 Ep. 8 | Best Valid : 9.18/11.60 Ep. 8
Time elapsed: 17.10 min
Epoch: 010/100 | Batch 0000/0234 | Cost: 18.3787
Epoch: 010/100 | Batch 0050/0234 | Cost: 18.2636
Epoch: 010/100 | Batch 0100/0234 | Cost: 17.8573
Epoch: 010/100 | Batch 0150/0234 | Cost: 17.9238
Epoch: 010/100 | Batch 0200/0234 | Cost: 17.9691
MAE/RMSE: | Current Valid: 8.59/10.97 Ep. 9 | Best Valid : 8.59/10.97 Ep. 9
Time elapsed: 19.06 min
Epoch: 011/100 | Batch 0000/0234 | Cost: 17.2898
Epoch: 011/100 | Batch 0050/0234 | Cost: 17.4003
Epoch: 011/100 | Batch 0100/0234 | Cost: 17.2979
Epoch: 011/100 | Batch 0150/0234 | Cost: 17.6517
Epoch: 011/100 | Batch 0200/0234 | Cost: 17.1489
MAE/RMSE: | Current Valid: 8.70/11.16 Ep. 10 | Best Valid : 8.59/10.97 Ep. 9
Time elapsed: 21.03 min
Epoch: 012/100 | Batch 0000/0234 | Cost: 16.5984
Epoch: 012/100 | Batch 0050/0234 | Cost: 16.5630
Epoch: 012/100 | Batch 0100/0234 | Cost: 16.6735
Epoch: 012/100 | Batch 0150/0234 | Cost: 16.5536
Epoch: 012/100 | Batch 0200/0234 | Cost: 16.4499
MAE/RMSE: | Current Valid: 8.42/10.76 Ep. 11 | Best Valid : 8.42/10.76 Ep. 11
Time elapsed: 23.00 min
Epoch: 013/100 | Batch 0000/0234 | Cost: 16.1882
Epoch: 013/100 | Batch 0050/0234 | Cost: 15.8120
Epoch: 013/100 | Batch 0100/0234 | Cost: 15.7272
Epoch: 013/100 | Batch 0150/0234 | Cost: 15.9268
Epoch: 013/100 | Batch 0200/0234 | Cost: 16.1652
MAE/RMSE: | Current Valid: 7.52/9.75 Ep. 12 | Best Valid : 7.52/9.75 Ep. 12
Time elapsed: 24.97 min
Epoch: 014/100 | Batch 0000/0234 | Cost: 15.8577
Epoch: 014/100 | Batch 0050/0234 | Cost: 15.1151
Epoch: 014/100 | Batch 0100/0234 | Cost: 15.8025
Epoch: 014/100 | Batch 0150/0234 | Cost: 15.6778
Epoch: 014/100 | Batch 0200/0234 | Cost: 15.2386
MAE/RMSE: | Current Valid: 7.14/9.30 Ep. 13 | Best Valid : 7.14/9.30 Ep. 13
Time elapsed: 27.03 min
Epoch: 015/100 | Batch 0000/0234 | Cost: 15.1044
Epoch: 015/100 | Batch 0050/0234 | Cost: 15.1255
Epoch: 015/100 | Batch 0100/0234 | Cost: 15.1995
Epoch: 015/100 | Batch 0150/0234 | Cost: 15.0607
Epoch: 015/100 | Batch 0200/0234 | Cost: 14.2069
MAE/RMSE: | Current Valid: 7.15/9.39 Ep. 14 | Best Valid : 7.14/9.30 Ep. 13
Time elapsed: 29.14 min
Epoch: 016/100 | Batch 0000/0234 | Cost: 14.8176
Epoch: 016/100 | Batch 0050/0234 | Cost: 14.9355
Epoch: 016/100 | Batch 0100/0234 | Cost: 14.1260
Epoch: 016/100 | Batch 0150/0234 | Cost: 14.6810
Epoch: 016/100 | Batch 0200/0234 | Cost: 14.2444
MAE/RMSE: | Current Valid: 7.38/9.65 Ep. 15 | Best Valid : 7.14/9.30 Ep. 13
Time elapsed: 31.27 min
Epoch: 017/100 | Batch 0000/0234 | Cost: 14.3364
Epoch: 017/100 | Batch 0050/0234 | Cost: 14.2460
Epoch: 017/100 | Batch 0100/0234 | Cost: 14.2335
Epoch: 017/100 | Batch 0150/0234 | Cost: 13.7399
Epoch: 017/100 | Batch 0200/0234 | Cost: 13.8519
MAE/RMSE: | Current Valid: 7.14/9.37 Ep. 16 | Best Valid : 7.14/9.37 Ep. 16
Time elapsed: 33.19 min
Epoch: 018/100 | Batch 0000/0234 | Cost: 13.6971
Epoch: 018/100 | Batch 0050/0234 | Cost: 13.6966
Epoch: 018/100 | Batch 0100/0234 | Cost: 13.7230
Epoch: 018/100 | Batch 0150/0234 | Cost: 13.5155
Epoch: 018/100 | Batch 0200/0234 | Cost: 13.6117
MAE/RMSE: | Current Valid: 6.66/8.81 Ep. 17 | Best Valid : 6.66/8.81 Ep. 17
Time elapsed: 35.01 min
Epoch: 019/100 | Batch 0000/0234 | Cost: 13.3510
Epoch: 019/100 | Batch 0050/0234 | Cost: 12.8809
Epoch: 019/100 | Batch 0100/0234 | Cost: 13.1330
Epoch: 019/100 | Batch 0150/0234 | Cost: 13.3727
Epoch: 019/100 | Batch 0200/0234 | Cost: 13.3689
MAE/RMSE: | Current Valid: 6.91/9.17 Ep. 18 | Best Valid : 6.66/8.81 Ep. 17
Time elapsed: 36.83 min
Epoch: 020/100 | Batch 0000/0234 | Cost: 13.2752
Epoch: 020/100 | Batch 0050/0234 | Cost: 12.9842
Epoch: 020/100 | Batch 0100/0234 | Cost: 13.0876
Epoch: 020/100 | Batch 0150/0234 | Cost: 12.9500
Epoch: 020/100 | Batch 0200/0234 | Cost: 12.7813
MAE/RMSE: | Current Valid: 6.35/8.46 Ep. 19 | Best Valid : 6.35/8.46 Ep. 19
Time elapsed: 38.65 min
Epoch: 021/100 | Batch 0000/0234 | Cost: 12.4564
Epoch: 021/100 | Batch 0050/0234 | Cost: 12.3201
Epoch: 021/100 | Batch 0100/0234 | Cost: 12.6546
Epoch: 021/100 | Batch 0150/0234 | Cost: 12.4806
Epoch: 021/100 | Batch 0200/0234 | Cost: 12.6791
MAE/RMSE: | Current Valid: 6.41/8.59 Ep. 20 | Best Valid : 6.35/8.46 Ep. 19
Time elapsed: 40.47 min
Epoch: 022/100 | Batch 0000/0234 | Cost: 12.4210
Epoch: 022/100 | Batch 0050/0234 | Cost: 12.3095
Epoch: 022/100 | Batch 0100/0234 | Cost: 12.1234
Epoch: 022/100 | Batch 0150/0234 | Cost: 11.7070
Epoch: 022/100 | Batch 0200/0234 | Cost: 11.9609
MAE/RMSE: | Current Valid: 6.18/8.34 Ep. 21 | Best Valid : 6.18/8.34 Ep. 21
Time elapsed: 42.29 min
Epoch: 023/100 | Batch 0000/0234 | Cost: 11.7635
Epoch: 023/100 | Batch 0050/0234 | Cost: 11.8606
Epoch: 023/100 | Batch 0100/0234 | Cost: 11.7754
Epoch: 023/100 | Batch 0150/0234 | Cost: 11.8758
Epoch: 023/100 | Batch 0200/0234 | Cost: 11.7722
MAE/RMSE: | Current Valid: 6.47/8.63 Ep. 22 | Best Valid : 6.18/8.34 Ep. 21
Time elapsed: 44.11 min
Epoch: 024/100 | Batch 0000/0234 | Cost: 11.7768
Epoch: 024/100 | Batch 0050/0234 | Cost: 11.2992
Epoch: 024/100 | Batch 0100/0234 | Cost: 11.7828
Epoch: 024/100 | Batch 0150/0234 | Cost: 11.6230
Epoch: 024/100 | Batch 0200/0234 | Cost: 11.5640
MAE/RMSE: | Current Valid: 6.09/8.09 Ep. 23 | Best Valid : 6.09/8.09 Ep. 23
Time elapsed: 45.94 min
Epoch: 025/100 | Batch 0000/0234 | Cost: 11.3426
Epoch: 025/100 | Batch 0050/0234 | Cost: 11.6316
Epoch: 025/100 | Batch 0100/0234 | Cost: 11.4404
Epoch: 025/100 | Batch 0150/0234 | Cost: 11.1959
Epoch: 025/100 | Batch 0200/0234 | Cost: 11.0384
MAE/RMSE: | Current Valid: 6.25/8.36 Ep. 24 | Best Valid : 6.09/8.09 Ep. 23
Time elapsed: 47.76 min
Epoch: 026/100 | Batch 0000/0234 | Cost: 11.0725
Epoch: 026/100 | Batch 0050/0234 | Cost: 11.0473
Epoch: 026/100 | Batch 0100/0234 | Cost: 10.8268
Epoch: 026/100 | Batch 0150/0234 | Cost: 11.3048
Epoch: 026/100 | Batch 0200/0234 | Cost: 11.0605
MAE/RMSE: | Current Valid: 5.92/7.95 Ep. 25 | Best Valid : 5.92/7.95 Ep. 25
Time elapsed: 49.58 min
Epoch: 027/100 | Batch 0000/0234 | Cost: 10.5547
Epoch: 027/100 | Batch 0050/0234 | Cost: 10.7243
Epoch: 027/100 | Batch 0100/0234 | Cost: 10.6443
Epoch: 027/100 | Batch 0150/0234 | Cost: 10.6807
Epoch: 027/100 | Batch 0200/0234 | Cost: 10.9215
MAE/RMSE: | Current Valid: 5.90/7.93 Ep. 26 | Best Valid : 5.90/7.93 Ep. 26
Time elapsed: 51.40 min
Epoch: 028/100 | Batch 0000/0234 | Cost: 10.6219
Epoch: 028/100 | Batch 0050/0234 | Cost: 10.6057
Epoch: 028/100 | Batch 0100/0234 | Cost: 10.8242
Epoch: 028/100 | Batch 0150/0234 | Cost: 10.2646
Epoch: 028/100 | Batch 0200/0234 | Cost: 10.2732
MAE/RMSE: | Current Valid: 6.04/8.10 Ep. 27 | Best Valid : 5.90/7.93 Ep. 26
Time elapsed: 53.22 min
Epoch: 029/100 | Batch 0000/0234 | Cost: 10.0873
Epoch: 029/100 | Batch 0050/0234 | Cost: 10.3970
Epoch: 029/100 | Batch 0100/0234 | Cost: 10.5216
Epoch: 029/100 | Batch 0150/0234 | Cost: 10.5265
Epoch: 029/100 | Batch 0200/0234 | Cost: 10.3873
MAE/RMSE: | Current Valid: 5.63/7.66 Ep. 28 | Best Valid : 5.63/7.66 Ep. 28
Time elapsed: 55.04 min
Epoch: 030/100 | Batch 0000/0234 | Cost: 10.5796
Epoch: 030/100 | Batch 0050/0234 | Cost: 10.0706
Epoch: 030/100 | Batch 0100/0234 | Cost: 10.0103
Epoch: 030/100 | Batch 0150/0234 | Cost: 10.1631
Epoch: 030/100 | Batch 0200/0234 | Cost: 10.0831
MAE/RMSE: | Current Valid: 5.67/7.69 Ep. 29 | Best Valid : 5.63/7.66 Ep. 28
Time elapsed: 56.86 min
Epoch: 031/100 | Batch 0000/0234 | Cost: 9.9445
Epoch: 031/100 | Batch 0050/0234 | Cost: 10.2335
Epoch: 031/100 | Batch 0100/0234 | Cost: 9.8972
Epoch: 031/100 | Batch 0150/0234 | Cost: 9.8279
Epoch: 031/100 | Batch 0200/0234 | Cost: 9.7462
MAE/RMSE: | Current Valid: 5.88/7.96 Ep. 30 | Best Valid : 5.63/7.66 Ep. 28
Time elapsed: 58.68 min
Epoch: 032/100 | Batch 0000/0234 | Cost: 9.8500
Epoch: 032/100 | Batch 0050/0234 | Cost: 9.6116
Epoch: 032/100 | Batch 0100/0234 | Cost: 9.4022
Epoch: 032/100 | Batch 0150/0234 | Cost: 9.9052
Epoch: 032/100 | Batch 0200/0234 | Cost: 9.8725
MAE/RMSE: | Current Valid: 5.67/7.73 Ep. 31 | Best Valid : 5.63/7.66 Ep. 28
Time elapsed: 60.50 min
Epoch: 033/100 | Batch 0000/0234 | Cost: 9.1678
Epoch: 033/100 | Batch 0050/0234 | Cost: 9.6104
Epoch: 033/100 | Batch 0100/0234 | Cost: 9.1976
Epoch: 033/100 | Batch 0150/0234 | Cost: 9.3728
Epoch: 033/100 | Batch 0200/0234 | Cost: 9.8144
MAE/RMSE: | Current Valid: 5.70/7.74 Ep. 32 | Best Valid : 5.63/7.66 Ep. 28
Time elapsed: 62.32 min
Epoch: 034/100 | Batch 0000/0234 | Cost: 9.5878
Epoch: 034/100 | Batch 0050/0234 | Cost: 9.3279
Epoch: 034/100 | Batch 0100/0234 | Cost: 9.0179
Epoch: 034/100 | Batch 0150/0234 | Cost: 9.3364
Epoch: 034/100 | Batch 0200/0234 | Cost: 9.1713
MAE/RMSE: | Current Valid: 5.82/7.95 Ep. 33 | Best Valid : 5.63/7.66 Ep. 28
Time elapsed: 64.14 min
Epoch: 035/100 | Batch 0000/0234 | Cost: 9.0804
Epoch: 035/100 | Batch 0050/0234 | Cost: 9.1756
Epoch: 035/100 | Batch 0100/0234 | Cost: 9.2412
Epoch: 035/100 | Batch 0150/0234 | Cost: 9.0101
Epoch: 035/100 | Batch 0200/0234 | Cost: 8.8217
MAE/RMSE: | Current Valid: 5.67/7.78 Ep. 34 | Best Valid : 5.63/7.66 Ep. 28
Time elapsed: 65.96 min
Epoch: 036/100 | Batch 0000/0234 | Cost: 8.8484
Epoch: 036/100 | Batch 0050/0234 | Cost: 8.8656
Epoch: 036/100 | Batch 0100/0234 | Cost: 9.3975
Epoch: 036/100 | Batch 0150/0234 | Cost: 8.8185
Epoch: 036/100 | Batch 0200/0234 | Cost: 9.2929
MAE/RMSE: | Current Valid: 5.73/7.87 Ep. 35 | Best Valid : 5.63/7.66 Ep. 28
Time elapsed: 67.79 min
Epoch: 037/100 | Batch 0000/0234 | Cost: 9.3469
Epoch: 037/100 | Batch 0050/0234 | Cost: 8.6838
Epoch: 037/100 | Batch 0100/0234 | Cost: 8.6244
Epoch: 037/100 | Batch 0150/0234 | Cost: 8.6422
Epoch: 037/100 | Batch 0200/0234 | Cost: 8.5313
MAE/RMSE: | Current Valid: 5.59/7.62 Ep. 36 | Best Valid : 5.59/7.62 Ep. 36
Time elapsed: 69.61 min
Epoch: 038/100 | Batch 0000/0234 | Cost: 8.4954
Epoch: 038/100 | Batch 0050/0234 | Cost: 8.9604
Epoch: 038/100 | Batch 0100/0234 | Cost: 8.7535
Epoch: 038/100 | Batch 0150/0234 | Cost: 9.2853
Epoch: 038/100 | Batch 0200/0234 | Cost: 8.5720
MAE/RMSE: | Current Valid: 5.95/8.16 Ep. 37 | Best Valid : 5.59/7.62 Ep. 36
Time elapsed: 71.43 min
Epoch: 039/100 | Batch 0000/0234 | Cost: 8.9671
Epoch: 039/100 | Batch 0050/0234 | Cost: 8.5493
Epoch: 039/100 | Batch 0100/0234 | Cost: 8.2515
Epoch: 039/100 | Batch 0150/0234 | Cost: 8.5429
Epoch: 039/100 | Batch 0200/0234 | Cost: 8.5990
MAE/RMSE: | Current Valid: 5.67/7.79 Ep. 38 | Best Valid : 5.59/7.62 Ep. 36
Time elapsed: 73.25 min
Epoch: 040/100 | Batch 0000/0234 | Cost: 8.3845
Epoch: 040/100 | Batch 0050/0234 | Cost: 8.5227
Epoch: 040/100 | Batch 0100/0234 | Cost: 9.3620
Epoch: 040/100 | Batch 0150/0234 | Cost: 8.6103
Epoch: 040/100 | Batch 0200/0234 | Cost: 8.3546
MAE/RMSE: | Current Valid: 5.75/7.76 Ep. 39 | Best Valid : 5.59/7.62 Ep. 36
Time elapsed: 75.07 min
Epoch: 041/100 | Batch 0000/0234 | Cost: 8.1989
Epoch: 041/100 | Batch 0050/0234 | Cost: 8.6126
Epoch: 041/100 | Batch 0100/0234 | Cost: 9.0483
Epoch: 041/100 | Batch 0150/0234 | Cost: 8.2439
Epoch: 041/100 | Batch 0200/0234 | Cost: 8.4260
MAE/RMSE: | Current Valid: 5.65/7.69 Ep. 40 | Best Valid : 5.59/7.62 Ep. 36
Time elapsed: 76.89 min
Epoch: 042/100 | Batch 0000/0234 | Cost: 8.2760
Epoch: 042/100 | Batch 0050/0234 | Cost: 8.1538
Epoch: 042/100 | Batch 0100/0234 | Cost: 8.1419
Epoch: 042/100 | Batch 0150/0234 | Cost: 8.0825
Epoch: 042/100 | Batch 0200/0234 | Cost: 8.2484
MAE/RMSE: | Current Valid: 5.52/7.64 Ep. 41 | Best Valid : 5.52/7.64 Ep. 41
Time elapsed: 78.71 min
Epoch: 043/100 | Batch 0000/0234 | Cost: 8.0131
Epoch: 043/100 | Batch 0050/0234 | Cost: 7.9259
Epoch: 043/100 | Batch 0100/0234 | Cost: 7.8386
Epoch: 043/100 | Batch 0150/0234 | Cost: 8.1642
Epoch: 043/100 | Batch 0200/0234 | Cost: 7.9264
MAE/RMSE: | Current Valid: 5.53/7.60 Ep. 42 | Best Valid : 5.52/7.64 Ep. 41
Time elapsed: 80.53 min
Epoch: 044/100 | Batch 0000/0234 | Cost: 7.8001
Epoch: 044/100 | Batch 0050/0234 | Cost: 7.6401
Epoch: 044/100 | Batch 0100/0234 | Cost: 7.9969
Epoch: 044/100 | Batch 0150/0234 | Cost: 7.6894
Epoch: 044/100 | Batch 0200/0234 | Cost: 7.8309
MAE/RMSE: | Current Valid: 5.39/7.50 Ep. 43 | Best Valid : 5.39/7.50 Ep. 43
Time elapsed: 82.35 min
Epoch: 045/100 | Batch 0000/0234 | Cost: 7.4623
Epoch: 045/100 | Batch 0050/0234 | Cost: 7.4134
Epoch: 045/100 | Batch 0100/0234 | Cost: 7.5636
Epoch: 045/100 | Batch 0150/0234 | Cost: 9.2843
Epoch: 045/100 | Batch 0200/0234 | Cost: 7.4522
MAE/RMSE: | Current Valid: 5.46/7.43 Ep. 44 | Best Valid : 5.39/7.50 Ep. 43
Time elapsed: 84.17 min
Epoch: 046/100 | Batch 0000/0234 | Cost: 7.3052
Epoch: 046/100 | Batch 0050/0234 | Cost: 7.3187
Epoch: 046/100 | Batch 0100/0234 | Cost: 7.5355
Epoch: 046/100 | Batch 0150/0234 | Cost: 7.2464
Epoch: 046/100 | Batch 0200/0234 | Cost: 7.5012
MAE/RMSE: | Current Valid: 5.51/7.53 Ep. 45 | Best Valid : 5.39/7.50 Ep. 43
Time elapsed: 85.99 min
Epoch: 047/100 | Batch 0000/0234 | Cost: 7.6315
Epoch: 047/100 | Batch 0050/0234 | Cost: 7.3740
Epoch: 047/100 | Batch 0100/0234 | Cost: 7.8343
Epoch: 047/100 | Batch 0150/0234 | Cost: 7.1998
Epoch: 047/100 | Batch 0200/0234 | Cost: 7.1738
MAE/RMSE: | Current Valid: 5.37/7.29 Ep. 46 | Best Valid : 5.37/7.29 Ep. 46
Time elapsed: 87.82 min
Epoch: 048/100 | Batch 0000/0234 | Cost: 7.2533
Epoch: 048/100 | Batch 0050/0234 | Cost: 7.0970
Epoch: 048/100 | Batch 0100/0234 | Cost: 7.0708
Epoch: 048/100 | Batch 0150/0234 | Cost: 6.9978
Epoch: 048/100 | Batch 0200/0234 | Cost: 7.1648
MAE/RMSE: | Current Valid: 5.32/7.31 Ep. 47 | Best Valid : 5.32/7.31 Ep. 47
Time elapsed: 89.64 min
Epoch: 049/100 | Batch 0000/0234 | Cost: 7.5075
Epoch: 049/100 | Batch 0050/0234 | Cost: 7.0054
Epoch: 049/100 | Batch 0100/0234 | Cost: 6.8831
Epoch: 049/100 | Batch 0150/0234 | Cost: 6.7696
Epoch: 049/100 | Batch 0200/0234 | Cost: 6.7624
MAE/RMSE: | Current Valid: 5.52/7.57 Ep. 48 | Best Valid : 5.32/7.31 Ep. 47
Time elapsed: 91.46 min
Epoch: 050/100 | Batch 0000/0234 | Cost: 6.9439
Epoch: 050/100 | Batch 0050/0234 | Cost: 7.5070
Epoch: 050/100 | Batch 0100/0234 | Cost: 6.8819
Epoch: 050/100 | Batch 0150/0234 | Cost: 6.8096
Epoch: 050/100 | Batch 0200/0234 | Cost: 7.0975
MAE/RMSE: | Current Valid: 5.40/7.43 Ep. 49 | Best Valid : 5.32/7.31 Ep. 47
Time elapsed: 93.28 min
Epoch: 051/100 | Batch 0000/0234 | Cost: 6.7432
Epoch: 051/100 | Batch 0050/0234 | Cost: 7.2137
Epoch: 051/100 | Batch 0100/0234 | Cost: 6.7884
Epoch: 051/100 | Batch 0150/0234 | Cost: 7.3635
Epoch: 051/100 | Batch 0200/0234 | Cost: 7.1948
MAE/RMSE: | Current Valid: 5.88/7.98 Ep. 50 | Best Valid : 5.32/7.31 Ep. 47
Time elapsed: 95.10 min
Epoch: 052/100 | Batch 0000/0234 | Cost: 7.3270
Epoch: 052/100 | Batch 0050/0234 | Cost: 7.3851
Epoch: 052/100 | Batch 0100/0234 | Cost: 7.4511
Epoch: 052/100 | Batch 0150/0234 | Cost: 7.2288
Epoch: 052/100 | Batch 0200/0234 | Cost: 8.1317
MAE/RMSE: | Current Valid: 5.51/7.57 Ep. 51 | Best Valid : 5.32/7.31 Ep. 47
Time elapsed: 96.92 min
Epoch: 053/100 | Batch 0000/0234 | Cost: 7.1845
Epoch: 053/100 | Batch 0050/0234 | Cost: 6.8400
Epoch: 053/100 | Batch 0100/0234 | Cost: 6.7822
Epoch: 053/100 | Batch 0150/0234 | Cost: 7.0641
Epoch: 053/100 | Batch 0200/0234 | Cost: 6.9508
MAE/RMSE: | Current Valid: 5.50/7.66 Ep. 52 | Best Valid : 5.32/7.31 Ep. 47
Time elapsed: 98.74 min
Epoch: 054/100 | Batch 0000/0234 | Cost: 6.7977
Epoch: 054/100 | Batch 0050/0234 | Cost: 6.5983
Epoch: 054/100 | Batch 0100/0234 | Cost: 6.7063
Epoch: 054/100 | Batch 0150/0234 | Cost: 6.6144
Epoch: 054/100 | Batch 0200/0234 | Cost: 9.2527
MAE/RMSE: | Current Valid: 5.65/7.64 Ep. 53 | Best Valid : 5.32/7.31 Ep. 47
Time elapsed: 100.56 min
Epoch: 055/100 | Batch 0000/0234 | Cost: 6.9199
Epoch: 055/100 | Batch 0050/0234 | Cost: 6.7018
Epoch: 055/100 | Batch 0100/0234 | Cost: 7.0435
Epoch: 055/100 | Batch 0150/0234 | Cost: 6.8877
Epoch: 055/100 | Batch 0200/0234 | Cost: 6.9910
MAE/RMSE: | Current Valid: 5.53/7.66 Ep. 54 | Best Valid : 5.32/7.31 Ep. 47
Time elapsed: 102.38 min
Epoch: 056/100 | Batch 0000/0234 | Cost: 6.8543
Epoch: 056/100 | Batch 0050/0234 | Cost: 6.5338
Epoch: 056/100 | Batch 0100/0234 | Cost: 6.7150
Epoch: 056/100 | Batch 0150/0234 | Cost: 6.5674
Epoch: 056/100 | Batch 0200/0234 | Cost: 6.5117
MAE/RMSE: | Current Valid: 5.33/7.38 Ep. 55 | Best Valid : 5.32/7.31 Ep. 47
Time elapsed: 104.20 min
Epoch: 057/100 | Batch 0000/0234 | Cost: 6.2119
Epoch: 057/100 | Batch 0050/0234 | Cost: 6.5985
Epoch: 057/100 | Batch 0100/0234 | Cost: 6.3403
Epoch: 057/100 | Batch 0150/0234 | Cost: 6.4751
Epoch: 057/100 | Batch 0200/0234 | Cost: 6.4979
MAE/RMSE: | Current Valid: 5.29/7.38 Ep. 56 | Best Valid : 5.29/7.38 Ep. 56
Time elapsed: 106.02 min
Epoch: 058/100 | Batch 0000/0234 | Cost: 6.1280
Epoch: 058/100 | Batch 0050/0234 | Cost: 6.0880
Epoch: 058/100 | Batch 0100/0234 | Cost: 6.0757
Epoch: 058/100 | Batch 0150/0234 | Cost: 6.1239
Epoch: 058/100 | Batch 0200/0234 | Cost: 6.0924
MAE/RMSE: | Current Valid: 5.30/7.42 Ep. 57 | Best Valid : 5.29/7.38 Ep. 56
Time elapsed: 107.84 min
Epoch: 059/100 | Batch 0000/0234 | Cost: 6.1079
Epoch: 059/100 | Batch 0050/0234 | Cost: 6.0762
Epoch: 059/100 | Batch 0100/0234 | Cost: 6.0602
Epoch: 059/100 | Batch 0150/0234 | Cost: 6.1982
Epoch: 059/100 | Batch 0200/0234 | Cost: 5.8976
MAE/RMSE: | Current Valid: 5.30/7.43 Ep. 58 | Best Valid : 5.29/7.38 Ep. 56
Time elapsed: 109.67 min
Epoch: 060/100 | Batch 0000/0234 | Cost: 6.0667
Epoch: 060/100 | Batch 0050/0234 | Cost: 6.0160
Epoch: 060/100 | Batch 0100/0234 | Cost: 5.9693
Epoch: 060/100 | Batch 0150/0234 | Cost: 5.9645
Epoch: 060/100 | Batch 0200/0234 | Cost: 5.9864
MAE/RMSE: | Current Valid: 5.24/7.33 Ep. 59 | Best Valid : 5.24/7.33 Ep. 59
Time elapsed: 111.49 min
Epoch: 061/100 | Batch 0000/0234 | Cost: 5.8234
Epoch: 061/100 | Batch 0050/0234 | Cost: 5.7312
Epoch: 061/100 | Batch 0100/0234 | Cost: 6.2974
Epoch: 061/100 | Batch 0150/0234 | Cost: 5.8972
Epoch: 061/100 | Batch 0200/0234 | Cost: 5.9604
MAE/RMSE: | Current Valid: 5.22/7.30 Ep. 60 | Best Valid : 5.22/7.30 Ep. 60
Time elapsed: 113.31 min
Epoch: 062/100 | Batch 0000/0234 | Cost: 5.7188
Epoch: 062/100 | Batch 0050/0234 | Cost: 5.7900
Epoch: 062/100 | Batch 0100/0234 | Cost: 6.2668
Epoch: 062/100 | Batch 0150/0234 | Cost: 6.0145
Epoch: 062/100 | Batch 0200/0234 | Cost: 5.9002
MAE/RMSE: | Current Valid: 5.39/7.49 Ep. 61 | Best Valid : 5.22/7.30 Ep. 60
Time elapsed: 115.13 min
Epoch: 063/100 | Batch 0000/0234 | Cost: 6.0307
Epoch: 063/100 | Batch 0050/0234 | Cost: 5.7485
Epoch: 063/100 | Batch 0100/0234 | Cost: 5.7248
Epoch: 063/100 | Batch 0150/0234 | Cost: 5.6119
Epoch: 063/100 | Batch 0200/0234 | Cost: 5.7811
MAE/RMSE: | Current Valid: 5.29/7.39 Ep. 62 | Best Valid : 5.22/7.30 Ep. 60
Time elapsed: 116.95 min
Epoch: 064/100 | Batch 0000/0234 | Cost: 5.7072
Epoch: 064/100 | Batch 0050/0234 | Cost: 6.2492
Epoch: 064/100 | Batch 0100/0234 | Cost: 6.1058
Epoch: 064/100 | Batch 0150/0234 | Cost: 6.9623
Epoch: 064/100 | Batch 0200/0234 | Cost: 6.3326
MAE/RMSE: | Current Valid: 5.62/7.82 Ep. 63 | Best Valid : 5.22/7.30 Ep. 60
Time elapsed: 118.77 min
Epoch: 065/100 | Batch 0000/0234 | Cost: 5.7768
Epoch: 065/100 | Batch 0050/0234 | Cost: 5.8021
Epoch: 065/100 | Batch 0100/0234 | Cost: 6.0245
Epoch: 065/100 | Batch 0150/0234 | Cost: 6.1135
Epoch: 065/100 | Batch 0200/0234 | Cost: 6.1882
MAE/RMSE: | Current Valid: 5.47/7.57 Ep. 64 | Best Valid : 5.22/7.30 Ep. 60
Time elapsed: 120.59 min
Epoch: 066/100 | Batch 0000/0234 | Cost: 5.8108
Epoch: 066/100 | Batch 0050/0234 | Cost: 6.8760
Epoch: 066/100 | Batch 0100/0234 | Cost: 6.3628
Epoch: 066/100 | Batch 0150/0234 | Cost: 6.1700
Epoch: 066/100 | Batch 0200/0234 | Cost: 6.0515
MAE/RMSE: | Current Valid: 5.51/7.67 Ep. 65 | Best Valid : 5.22/7.30 Ep. 60
Time elapsed: 122.41 min
Epoch: 067/100 | Batch 0000/0234 | Cost: 6.1992
Epoch: 067/100 | Batch 0050/0234 | Cost: 5.8381
Epoch: 067/100 | Batch 0100/0234 | Cost: 5.5423
Epoch: 067/100 | Batch 0150/0234 | Cost: 5.6719
Epoch: 067/100 | Batch 0200/0234 | Cost: 6.5709
MAE/RMSE: | Current Valid: 5.60/7.81 Ep. 66 | Best Valid : 5.22/7.30 Ep. 60
Time elapsed: 124.23 min
Epoch: 068/100 | Batch 0000/0234 | Cost: 6.4437
Epoch: 068/100 | Batch 0050/0234 | Cost: 5.6188
Epoch: 068/100 | Batch 0100/0234 | Cost: 5.8737
Epoch: 068/100 | Batch 0150/0234 | Cost: 5.7433
Epoch: 068/100 | Batch 0200/0234 | Cost: 5.5800
MAE/RMSE: | Current Valid: 5.28/7.43 Ep. 67 | Best Valid : 5.22/7.30 Ep. 60
Time elapsed: 126.05 min
Epoch: 069/100 | Batch 0000/0234 | Cost: 5.9934
Epoch: 069/100 | Batch 0050/0234 | Cost: 5.8475
Epoch: 069/100 | Batch 0100/0234 | Cost: 5.5319
Epoch: 069/100 | Batch 0150/0234 | Cost: 5.6351
Epoch: 069/100 | Batch 0200/0234 | Cost: 6.3715
MAE/RMSE: | Current Valid: 5.47/7.68 Ep. 68 | Best Valid : 5.22/7.30 Ep. 60
Time elapsed: 127.87 min
Epoch: 070/100 | Batch 0000/0234 | Cost: 5.5983
Epoch: 070/100 | Batch 0050/0234 | Cost: 5.7325
Epoch: 070/100 | Batch 0100/0234 | Cost: 5.9721
Epoch: 070/100 | Batch 0150/0234 | Cost: 5.7222
Epoch: 070/100 | Batch 0200/0234 | Cost: 6.0291
MAE/RMSE: | Current Valid: 5.30/7.44 Ep. 69 | Best Valid : 5.22/7.30 Ep. 60
Time elapsed: 129.70 min
Epoch: 071/100 | Batch 0000/0234 | Cost: 5.4992
Epoch: 071/100 | Batch 0050/0234 | Cost: 5.4987
Epoch: 071/100 | Batch 0100/0234 | Cost: 5.5416
Epoch: 071/100 | Batch 0150/0234 | Cost: 5.7448
Epoch: 071/100 | Batch 0200/0234 | Cost: 5.1566
MAE/RMSE: | Current Valid: 5.33/7.53 Ep. 70 | Best Valid : 5.22/7.30 Ep. 60
Time elapsed: 131.52 min
Epoch: 072/100 | Batch 0000/0234 | Cost: 5.6136
Epoch: 072/100 | Batch 0050/0234 | Cost: 5.2718
Epoch: 072/100 | Batch 0100/0234 | Cost: 5.6689
Epoch: 072/100 | Batch 0150/0234 | Cost: 5.2603
Epoch: 072/100 | Batch 0200/0234 | Cost: 5.4421
MAE/RMSE: | Current Valid: 5.28/7.38 Ep. 71 | Best Valid : 5.22/7.30 Ep. 60
Time elapsed: 133.34 min
Epoch: 073/100 | Batch 0000/0234 | Cost: 5.0354
Epoch: 073/100 | Batch 0050/0234 | Cost: 5.0122
Epoch: 073/100 | Batch 0100/0234 | Cost: 5.2589
Epoch: 073/100 | Batch 0150/0234 | Cost: 5.0993
Epoch: 073/100 | Batch 0200/0234 | Cost: 5.5303
MAE/RMSE: | Current Valid: 5.36/7.53 Ep. 72 | Best Valid : 5.22/7.30 Ep. 60
Time elapsed: 135.16 min
Epoch: 074/100 | Batch 0000/0234 | Cost: 5.1360
Epoch: 074/100 | Batch 0050/0234 | Cost: 5.0673
Epoch: 074/100 | Batch 0100/0234 | Cost: 4.9472
Epoch: 074/100 | Batch 0150/0234 | Cost: 5.0802
Epoch: 074/100 | Batch 0200/0234 | Cost: 4.9366
MAE/RMSE: | Current Valid: 5.20/7.27 Ep. 73 | Best Valid : 5.20/7.27 Ep. 73
Time elapsed: 136.98 min
Epoch: 075/100 | Batch 0000/0234 | Cost: 5.0436
Epoch: 075/100 | Batch 0050/0234 | Cost: 4.9106
Epoch: 075/100 | Batch 0100/0234 | Cost: 4.9947
Epoch: 075/100 | Batch 0150/0234 | Cost: 4.9488
Epoch: 075/100 | Batch 0200/0234 | Cost: 5.3349
MAE/RMSE: | Current Valid: 5.44/7.60 Ep. 74 | Best Valid : 5.20/7.27 Ep. 73
Time elapsed: 138.80 min
Epoch: 076/100 | Batch 0000/0234 | Cost: 5.3430
Epoch: 076/100 | Batch 0050/0234 | Cost: 5.3069
Epoch: 076/100 | Batch 0100/0234 | Cost: 5.7878
Epoch: 076/100 | Batch 0150/0234 | Cost: 5.2224
Epoch: 076/100 | Batch 0200/0234 | Cost: 5.8435
MAE/RMSE: | Current Valid: 5.43/7.56 Ep. 75 | Best Valid : 5.20/7.27 Ep. 73
Time elapsed: 140.62 min
Epoch: 077/100 | Batch 0000/0234 | Cost: 5.5480
Epoch: 077/100 | Batch 0050/0234 | Cost: 5.6319
Epoch: 077/100 | Batch 0100/0234 | Cost: 5.5718
Epoch: 077/100 | Batch 0150/0234 | Cost: 5.9254
Epoch: 077/100 | Batch 0200/0234 | Cost: 5.4321
MAE/RMSE: | Current Valid: 5.45/7.61 Ep. 76 | Best Valid : 5.20/7.27 Ep. 73
Time elapsed: 142.44 min
Epoch: 078/100 | Batch 0000/0234 | Cost: 5.4490
Epoch: 078/100 | Batch 0050/0234 | Cost: 5.5754
Epoch: 078/100 | Batch 0100/0234 | Cost: 5.1764
Epoch: 078/100 | Batch 0150/0234 | Cost: 5.1867
Epoch: 078/100 | Batch 0200/0234 | Cost: 5.2249
MAE/RMSE: | Current Valid: 5.35/7.50 Ep. 77 | Best Valid : 5.20/7.27 Ep. 73
Time elapsed: 144.26 min
Epoch: 079/100 | Batch 0000/0234 | Cost: 5.0468
Epoch: 079/100 | Batch 0050/0234 | Cost: 4.8919
Epoch: 079/100 | Batch 0100/0234 | Cost: 4.9309
Epoch: 079/100 | Batch 0150/0234 | Cost: 4.8735
Epoch: 079/100 | Batch 0200/0234 | Cost: 5.0632
MAE/RMSE: | Current Valid: 5.28/7.42 Ep. 78 | Best Valid : 5.20/7.27 Ep. 73
Time elapsed: 146.08 min
Epoch: 080/100 | Batch 0000/0234 | Cost: 5.0342
Epoch: 080/100 | Batch 0050/0234 | Cost: 5.1096
Epoch: 080/100 | Batch 0100/0234 | Cost: 5.3256
Epoch: 080/100 | Batch 0150/0234 | Cost: 5.1557
Epoch: 080/100 | Batch 0200/0234 | Cost: 5.0705
MAE/RMSE: | Current Valid: 5.32/7.47 Ep. 79 | Best Valid : 5.20/7.27 Ep. 73
Time elapsed: 147.90 min
Epoch: 081/100 | Batch 0000/0234 | Cost: 4.9334
Epoch: 081/100 | Batch 0050/0234 | Cost: 4.7549
Epoch: 081/100 | Batch 0100/0234 | Cost: 4.9060
Epoch: 081/100 | Batch 0150/0234 | Cost: 4.8843
Epoch: 081/100 | Batch 0200/0234 | Cost: 4.8375
MAE/RMSE: | Current Valid: 5.24/7.41 Ep. 80 | Best Valid : 5.20/7.27 Ep. 73
Time elapsed: 149.72 min
Epoch: 082/100 | Batch 0000/0234 | Cost: 4.6339
Epoch: 082/100 | Batch 0050/0234 | Cost: 4.6422
Epoch: 082/100 | Batch 0100/0234 | Cost: 4.6161
Epoch: 082/100 | Batch 0150/0234 | Cost: 4.9114
Epoch: 082/100 | Batch 0200/0234 | Cost: 4.6155
MAE/RMSE: | Current Valid: 5.19/7.33 Ep. 81 | Best Valid : 5.19/7.33 Ep. 81
Time elapsed: 151.54 min
Epoch: 083/100 | Batch 0000/0234 | Cost: 4.5340
Epoch: 083/100 | Batch 0050/0234 | Cost: 4.7061
Epoch: 083/100 | Batch 0100/0234 | Cost: 4.6947
Epoch: 083/100 | Batch 0150/0234 | Cost: 4.7155
Epoch: 083/100 | Batch 0200/0234 | Cost: 4.6898
MAE/RMSE: | Current Valid: 5.26/7.45 Ep. 82 | Best Valid : 5.19/7.33 Ep. 81
Time elapsed: 153.36 min
Epoch: 084/100 | Batch 0000/0234 | Cost: 4.4804
Epoch: 084/100 | Batch 0050/0234 | Cost: 4.6724
Epoch: 084/100 | Batch 0100/0234 | Cost: 4.5308
Epoch: 084/100 | Batch 0150/0234 | Cost: 4.5870
Epoch: 084/100 | Batch 0200/0234 | Cost: 4.4567
MAE/RMSE: | Current Valid: 5.29/7.41 Ep. 83 | Best Valid : 5.19/7.33 Ep. 81
Time elapsed: 155.19 min
Epoch: 085/100 | Batch 0000/0234 | Cost: 4.7691
Epoch: 085/100 | Batch 0050/0234 | Cost: 4.4716
Epoch: 085/100 | Batch 0100/0234 | Cost: 5.2150
Epoch: 085/100 | Batch 0150/0234 | Cost: 4.9374
Epoch: 085/100 | Batch 0200/0234 | Cost: 5.2654
MAE/RMSE: | Current Valid: 5.95/8.25 Ep. 84 | Best Valid : 5.19/7.33 Ep. 81
Time elapsed: 157.01 min
Epoch: 086/100 | Batch 0000/0234 | Cost: 5.3340
Epoch: 086/100 | Batch 0050/0234 | Cost: 5.1955
Epoch: 086/100 | Batch 0100/0234 | Cost: 4.8485
Epoch: 086/100 | Batch 0150/0234 | Cost: 5.3244
Epoch: 086/100 | Batch 0200/0234 | Cost: 6.0530
MAE/RMSE: | Current Valid: 5.58/7.68 Ep. 85 | Best Valid : 5.19/7.33 Ep. 81
Time elapsed: 158.83 min
Epoch: 087/100 | Batch 0000/0234 | Cost: 5.6669
Epoch: 087/100 | Batch 0050/0234 | Cost: 5.7567
Epoch: 087/100 | Batch 0100/0234 | Cost: 5.1197
Epoch: 087/100 | Batch 0150/0234 | Cost: 4.9485
Epoch: 087/100 | Batch 0200/0234 | Cost: 4.9898
MAE/RMSE: | Current Valid: 5.37/7.50 Ep. 86 | Best Valid : 5.19/7.33 Ep. 81
Time elapsed: 160.65 min
Epoch: 088/100 | Batch 0000/0234 | Cost: 5.1937
Epoch: 088/100 | Batch 0050/0234 | Cost: 4.9458
Epoch: 088/100 | Batch 0100/0234 | Cost: 5.2358
Epoch: 088/100 | Batch 0150/0234 | Cost: 5.4829
Epoch: 088/100 | Batch 0200/0234 | Cost: 5.1047
MAE/RMSE: | Current Valid: 5.32/7.44 Ep. 87 | Best Valid : 5.19/7.33 Ep. 81
Time elapsed: 162.47 min
Epoch: 089/100 | Batch 0000/0234 | Cost: 4.7590
Epoch: 089/100 | Batch 0050/0234 | Cost: 4.5435
Epoch: 089/100 | Batch 0100/0234 | Cost: 4.4719
Epoch: 089/100 | Batch 0150/0234 | Cost: 4.5246
Epoch: 089/100 | Batch 0200/0234 | Cost: 4.3564
MAE/RMSE: | Current Valid: 5.29/7.42 Ep. 88 | Best Valid : 5.19/7.33 Ep. 81
Time elapsed: 164.29 min
Epoch: 090/100 | Batch 0000/0234 | Cost: 4.4663
Epoch: 090/100 | Batch 0050/0234 | Cost: 4.5478
Epoch: 090/100 | Batch 0100/0234 | Cost: 4.4445
Epoch: 090/100 | Batch 0150/0234 | Cost: 4.3889
Epoch: 090/100 | Batch 0200/0234 | Cost: 4.5841
MAE/RMSE: | Current Valid: 5.30/7.44 Ep. 89 | Best Valid : 5.19/7.33 Ep. 81
Time elapsed: 166.11 min
Epoch: 091/100 | Batch 0000/0234 | Cost: 4.4918
Epoch: 091/100 | Batch 0050/0234 | Cost: 4.5685
Epoch: 091/100 | Batch 0100/0234 | Cost: 4.6399
Epoch: 091/100 | Batch 0150/0234 | Cost: 5.0735
Epoch: 091/100 | Batch 0200/0234 | Cost: 4.9379
MAE/RMSE: | Current Valid: 5.41/7.55 Ep. 90 | Best Valid : 5.19/7.33 Ep. 81
Time elapsed: 167.93 min
Epoch: 092/100 | Batch 0000/0234 | Cost: 4.6699
Epoch: 092/100 | Batch 0050/0234 | Cost: 4.5707
Epoch: 092/100 | Batch 0100/0234 | Cost: 4.8661
Epoch: 092/100 | Batch 0150/0234 | Cost: 4.2560
Epoch: 092/100 | Batch 0200/0234 | Cost: 4.5612
MAE/RMSE: | Current Valid: 5.38/7.52 Ep. 91 | Best Valid : 5.19/7.33 Ep. 81
Time elapsed: 169.75 min
Epoch: 093/100 | Batch 0000/0234 | Cost: 4.5906
Epoch: 093/100 | Batch 0050/0234 | Cost: 4.4030
Epoch: 093/100 | Batch 0100/0234 | Cost: 4.8863
Epoch: 093/100 | Batch 0150/0234 | Cost: 4.2839
Epoch: 093/100 | Batch 0200/0234 | Cost: 4.7308
MAE/RMSE: | Current Valid: 5.25/7.43 Ep. 92 | Best Valid : 5.19/7.33 Ep. 81
Time elapsed: 171.57 min
Epoch: 094/100 | Batch 0000/0234 | Cost: 4.6194
Epoch: 094/100 | Batch 0050/0234 | Cost: 4.5173
Epoch: 094/100 | Batch 0100/0234 | Cost: 4.4052
Epoch: 094/100 | Batch 0150/0234 | Cost: 4.3214
Epoch: 094/100 | Batch 0200/0234 | Cost: 4.2182
MAE/RMSE: | Current Valid: 5.62/7.85 Ep. 93 | Best Valid : 5.19/7.33 Ep. 81
Time elapsed: 173.39 min
Epoch: 095/100 | Batch 0000/0234 | Cost: 5.0135
Epoch: 095/100 | Batch 0050/0234 | Cost: 5.0415
Epoch: 095/100 | Batch 0100/0234 | Cost: 4.3359
Epoch: 095/100 | Batch 0150/0234 | Cost: 4.7895
Epoch: 095/100 | Batch 0200/0234 | Cost: 5.6475
MAE/RMSE: | Current Valid: 5.34/7.47 Ep. 94 | Best Valid : 5.19/7.33 Ep. 81
Time elapsed: 175.21 min
Epoch: 096/100 | Batch 0000/0234 | Cost: 4.6588
Epoch: 096/100 | Batch 0050/0234 | Cost: 4.2900
Epoch: 096/100 | Batch 0100/0234 | Cost: 5.0141
Epoch: 096/100 | Batch 0150/0234 | Cost: 4.6314
Epoch: 096/100 | Batch 0200/0234 | Cost: 5.0358
MAE/RMSE: | Current Valid: 5.40/7.55 Ep. 95 | Best Valid : 5.19/7.33 Ep. 81
Time elapsed: 177.03 min
Epoch: 097/100 | Batch 0000/0234 | Cost: 4.4610
Epoch: 097/100 | Batch 0050/0234 | Cost: 4.5713
Epoch: 097/100 | Batch 0100/0234 | Cost: 4.6091
Epoch: 097/100 | Batch 0150/0234 | Cost: 4.5272
Epoch: 097/100 | Batch 0200/0234 | Cost: 4.7746
MAE/RMSE: | Current Valid: 5.39/7.58 Ep. 96 | Best Valid : 5.19/7.33 Ep. 81
Time elapsed: 178.85 min
Epoch: 098/100 | Batch 0000/0234 | Cost: 4.2443
Epoch: 098/100 | Batch 0050/0234 | Cost: 4.2810
Epoch: 098/100 | Batch 0100/0234 | Cost: 4.5365
Epoch: 098/100 | Batch 0150/0234 | Cost: 4.5956
Epoch: 098/100 | Batch 0200/0234 | Cost: 4.8569
MAE/RMSE: | Current Valid: 5.34/7.44 Ep. 97 | Best Valid : 5.19/7.33 Ep. 81
Time elapsed: 180.67 min
Epoch: 099/100 | Batch 0000/0234 | Cost: 4.2138
Epoch: 099/100 | Batch 0050/0234 | Cost: 4.6581
Epoch: 099/100 | Batch 0100/0234 | Cost: 4.7705
Epoch: 099/100 | Batch 0150/0234 | Cost: 4.1500
Epoch: 099/100 | Batch 0200/0234 | Cost: 4.4988
MAE/RMSE: | Current Valid: 5.47/7.66 Ep. 98 | Best Valid : 5.19/7.33 Ep. 81
Time elapsed: 182.49 min
Epoch: 100/100 | Batch 0000/0234 | Cost: 4.1224
Epoch: 100/100 | Batch 0050/0234 | Cost: 4.3871
Epoch: 100/100 | Batch 0100/0234 | Cost: 4.4539
Epoch: 100/100 | Batch 0150/0234 | Cost: 4.2687
Epoch: 100/100 | Batch 0200/0234 | Cost: 4.2952
MAE/RMSE: | Current Valid: 5.33/7.45 Ep. 99 | Best Valid : 5.19/7.33 Ep. 81
Time elapsed: 184.31 min
MAE/RMSE: | Train: 1.11/1.63 | Valid: 5.33/7.45 | Test: 5.64/7.78
Total Training Time: 184.92 min
MAE/RMSE: | Best Train: 0.96/1.44 | Best Valid: 5.19/7.33 | Best Test: 5.50/7.66
